<?xml version="1.0" encoding="UTF-8"?>
<!-- Generated by org.testng.reporters.JUnitReportReporter -->
<testsuite hostname="DESKTOP-QA9AF7C" failures="0" tests="1" name="testNGTests.LoginTest" time="10.377" errors="0" timestamp="24 Jul 2019 18:52:42 GMT" skipped="0">
  <testcase classname="testNGTests.LoginTest" name="userPurchasesItem" time="10.377"/>
</testsuite> <!-- testNGTests.LoginTest -->
